<?xml version="1.0" encoding="UTF-8"?>
<!-- Generated by org.testng.reporters.JUnitXMLReporter -->
<testsuite ignored="0" hostname="DESKTOP-LLLGMOJ" failures="0" tests="2" name="Default test" time="18.752" errors="0" timestamp="2023-05-27T09:02:52 IST">
  <testcase classname="orangehrm_testscripts.TestOrangeHrmLogin" name="testWithInvalidData" time="2.912"/>
  <testcase classname="orangehrm_testscripts.TestOrangeHrmLogin" name="testWithValidData" time="2.167"/>
</testsuite> <!-- Default test -->
