<?xml version="1.0" encoding="UTF-8"?>
<testng-results ignored="0" total="2" passed="2" failed="0" skipped="0">
  <reporter-output>
  </reporter-output>
  <suite started-at="2023-05-27T09:02:33 IST" name="Default suite" finished-at="2023-05-27T09:02:52 IST" duration-ms="18752">
    <groups>
    </groups>
    <test started-at="2023-05-27T09:02:33 IST" name="Default test" finished-at="2023-05-27T09:02:52 IST" duration-ms="18752">
      <class name="orangehrm_testscripts.TestOrangeHrmLogin">
        <test-method is-config="true" signature="preCondition()[pri:0, instance:orangehrm_testscripts.TestOrangeHrmLogin@55b7a4e0]" started-at="2023-05-27T09:02:33 IST" name="preCondition" finished-at="2023-05-27T09:02:44 IST" duration-ms="10911" status="PASS">
          <reporter-output>
          </reporter-output>
        </test-method> <!-- preCondition -->
        <test-method signature="testWithInvalidData()[pri:0, instance:orangehrm_testscripts.TestOrangeHrmLogin@55b7a4e0]" started-at="2023-05-27T09:02:44 IST" name="testWithInvalidData" finished-at="2023-05-27T09:02:47 IST" duration-ms="2912" status="PASS">
          <reporter-output>
          </reporter-output>
        </test-method> <!-- testWithInvalidData -->
        <test-method signature="testWithValidData()[pri:0, instance:orangehrm_testscripts.TestOrangeHrmLogin@55b7a4e0]" started-at="2023-05-27T09:02:47 IST" name="testWithValidData" finished-at="2023-05-27T09:02:49 IST" duration-ms="2167" status="PASS">
          <reporter-output>
          </reporter-output>
        </test-method> <!-- testWithValidData -->
        <test-method is-config="true" signature="postCondition()[pri:0, instance:orangehrm_testscripts.TestOrangeHrmLogin@55b7a4e0]" started-at="2023-05-27T09:02:49 IST" name="postCondition" finished-at="2023-05-27T09:02:52 IST" duration-ms="2699" status="PASS">
          <reporter-output>
          </reporter-output>
        </test-method> <!-- postCondition -->
      </class> <!-- orangehrm_testscripts.TestOrangeHrmLogin -->
    </test> <!-- Default test -->
  </suite> <!-- Default suite -->
</testng-results>
